<?xml version="1.0" encoding="UTF-8"?>
<!-- Generated by org.testng.reporters.JUnitReportReporter -->
<testsuite skipped="0" hostname="ADMIN-PC" name="seleniumcoaching.MavenTest" tests="1" failures="0" timestamp="28 Jan 2019 09:02:19 GMT" time="0.030" errors="0">
  <testcase name="f" time="0.030" classname="seleniumcoaching.MavenTest"/>
</testsuite> <!-- seleniumcoaching.MavenTest -->
